<?xml version="1.0" encoding="UTF-8"?>
<testng-results ignored="0" total="2" passed="2" failed="0" skipped="0">
  <reporter-output>
  </reporter-output>
  <suite started-at="2024-11-20T01:10:18 IST" name="PetSuite" finished-at="2024-11-20T01:10:24 IST" duration-ms="6508">
    <groups>
    </groups>
    <test started-at="2024-11-20T01:10:18 IST" name="PetTest" finished-at="2024-11-20T01:10:24 IST" duration-ms="6508">
      <class name="api.test.UsersTests">
        <test-method is-config="true" signature="setupData()[pri:0, instance:api.test.UsersTests@130c12b7]" started-at="2024-11-20T01:10:18 IST" name="setupData" finished-at="2024-11-20T01:10:19 IST" duration-ms="1087" status="PASS">
          <reporter-output>
          </reporter-output>
        </test-method> <!-- setupData -->
        <test-method signature="testPostUser()[pri:1, instance:api.test.UsersTests@130c12b7]" started-at="2024-11-20T01:10:19 IST" name="testPostUser" finished-at="2024-11-20T01:10:23 IST" duration-ms="3567" status="PASS">
          <reporter-output>
          </reporter-output>
        </test-method> <!-- testPostUser -->
        <test-method signature="testGetUserbyName()[pri:2, instance:api.test.UsersTests@130c12b7]" started-at="2024-11-20T01:10:23 IST" name="testGetUserbyName" finished-at="2024-11-20T01:10:24 IST" duration-ms="1463" status="PASS">
          <reporter-output>
          </reporter-output>
        </test-method> <!-- testGetUserbyName -->
      </class> <!-- api.test.UsersTests -->
    </test> <!-- PetTest -->
  </suite> <!-- PetSuite -->
</testng-results>
