<?xml version="1.0" encoding="UTF-8"?>
<testng-results ignored="0" total="2" passed="2" failed="0" skipped="0">
  <reporter-output>
  </reporter-output>
  <suite started-at="2024-11-19T20:00:23 IST" name="PetSuite" finished-at="2024-11-19T20:00:30 IST" duration-ms="6657">
    <groups>
    </groups>
    <test started-at="2024-11-19T20:00:23 IST" name="PetTest" finished-at="2024-11-19T20:00:30 IST" duration-ms="6657">
      <class name="api.test.UsersTests">
        <test-method is-config="true" signature="setupData()[pri:0, instance:api.test.UsersTests@563f38c4]" started-at="2024-11-19T20:00:24 IST" name="setupData" finished-at="2024-11-19T20:00:25 IST" duration-ms="1162" status="PASS">
          <reporter-output>
          </reporter-output>
        </test-method> <!-- setupData -->
        <test-method signature="testPostUser()[pri:1, instance:api.test.UsersTests@563f38c4]" started-at="2024-11-19T20:00:25 IST" name="testPostUser" finished-at="2024-11-19T20:00:29 IST" duration-ms="3726" status="PASS">
          <reporter-output>
          </reporter-output>
        </test-method> <!-- testPostUser -->
        <test-method signature="testGetUserbyName()[pri:2, instance:api.test.UsersTests@563f38c4]" started-at="2024-11-19T20:00:29 IST" name="testGetUserbyName" finished-at="2024-11-19T20:00:30 IST" duration-ms="1233" status="PASS">
          <reporter-output>
          </reporter-output>
        </test-method> <!-- testGetUserbyName -->
      </class> <!-- api.test.UsersTests -->
    </test> <!-- PetTest -->
  </suite> <!-- PetSuite -->
</testng-results>
